Hello from cron at Sat Nov 29 01:38:10 PM IST 2025
Current time : Sat Nov 29 03:40:01 PM IST 2025
Current time : Sat Nov 29 03:45:01 PM IST 2025
Current time : Sat Nov 29 03:50:01 PM IST 2025
Current time : Sat Nov 29 04:00:01 PM IST 2025
Current time : Sat Nov 29 04:05:01 PM IST 2025
Current time : Sat Nov 29 04:10:01 PM IST 2025
Current time : Sat Nov 29 04:15:01 PM IST 2025
Current time : Sat Nov 29 04:20:01 PM IST 2025
Current time : Sat Nov 29 04:25:01 PM IST 2025
Current time : Sat Nov 29 04:30:01 PM IST 2025
Current time : Sat Nov 29 04:35:01 PM IST 2025
Current time : Sat Nov 29 04:40:01 PM IST 2025
Current time : Sat Nov 29 04:45:01 PM IST 2025
Current time : Sat Nov 29 04:50:01 PM IST 2025
Current time : Sat Nov 29 04:55:01 PM IST 2025
Current time : Sat Nov 29 05:00:01 PM IST 2025
Current time : Sat Nov 29 05:05:01 PM IST 2025
Current time : Sat Nov 29 05:10:01 PM IST 2025
Current time : Sat Nov 29 05:15:01 PM IST 2025
Current time : Sat Nov 29 05:20:01 PM IST 2025
Current time : Sat Nov 29 05:25:01 PM IST 2025
Current time : Sat Nov 29 05:30:01 PM IST 2025
Current time : Sat Nov 29 05:35:01 PM IST 2025
Current time : Sat Nov 29 05:40:01 PM IST 2025
Current time : Sat Nov 29 05:45:02 PM IST 2025
Current time : Sat Nov 29 05:50:01 PM IST 2025
Current time : Sat Nov 29 05:55:01 PM IST 2025
Current time : Sat Nov 29 06:00:01 PM IST 2025
Current time : Sat Nov 29 06:05:01 PM IST 2025
Current time : Sat Nov 29 06:10:01 PM IST 2025
Current time : Sat Nov 29 06:15:01 PM IST 2025
Current time : Sat Nov 29 06:20:01 PM IST 2025
Current time : Sat Nov 29 06:25:01 PM IST 2025
Current time : Sat Nov 29 06:30:01 PM IST 2025
Current time : Sat Nov 29 06:35:01 PM IST 2025
Current time : Sat Nov 29 06:40:01 PM IST 2025
Current time : Sat Nov 29 06:45:01 PM IST 2025
Current time : Sat Nov 29 06:50:01 PM IST 2025
Current time : Sat Nov 29 06:55:01 PM IST 2025
Current time : Sat Nov 29 07:00:01 PM IST 2025
Current time : Sat Nov 29 07:05:01 PM IST 2025
Current time : Sat Nov 29 07:10:01 PM IST 2025
Current time : Sat Nov 29 07:15:01 PM IST 2025
Current time : Sat Nov 29 07:20:01 PM IST 2025
Current time : Sat Nov 29 07:25:01 PM IST 2025
Current time : Sat Nov 29 07:30:01 PM IST 2025
Current time : Sat Nov 29 07:35:01 PM IST 2025
Current time : Sat Nov 29 07:40:01 PM IST 2025
Current time : Sat Nov 29 07:45:01 PM IST 2025
Current time : Sat Nov 29 07:50:01 PM IST 2025
Current time : Sat Nov 29 07:55:01 PM IST 2025
Current time : Sat Nov 29 08:00:01 PM IST 2025
Current time : Sat Nov 29 08:05:01 PM IST 2025
Current time : Sat Nov 29 08:10:01 PM IST 2025
Current time : Sat Nov 29 08:15:01 PM IST 2025
Current time : Sat Nov 29 08:20:01 PM IST 2025
Current time : Sat Nov 29 08:25:01 PM IST 2025
Current time : Sat Nov 29 08:30:01 PM IST 2025
Current time : Sat Nov 29 08:35:01 PM IST 2025
Current time : Sat Nov 29 08:40:01 PM IST 2025
Current time : Sat Nov 29 08:45:01 PM IST 2025
Current time : Sat Nov 29 09:35:01 PM IST 2025
Current time : Sat Nov 29 09:40:01 PM IST 2025
Current time : Sat Nov 29 09:45:01 PM IST 2025
Current time : Sat Nov 29 09:50:01 PM IST 2025
Current time : Sat Nov 29 09:55:01 PM IST 2025
Current time : Sat Nov 29 10:00:01 PM IST 2025
Current time : Sat Nov 29 10:05:01 PM IST 2025
Current time : Sat Nov 29 10:10:01 PM IST 2025
Current time : Sat Nov 29 10:15:01 PM IST 2025
Current time : Sat Nov 29 10:20:01 PM IST 2025
Current time : Sat Nov 29 10:25:01 PM IST 2025
Current time : Sat Nov 29 10:30:01 PM IST 2025
Current time : Sat Nov 29 10:35:01 PM IST 2025
Current time : Sat Nov 29 10:40:01 PM IST 2025
Current time : Sat Nov 29 10:45:01 PM IST 2025
Current time : Sat Nov 29 10:50:01 PM IST 2025
Current time : Sat Nov 29 10:55:01 PM IST 2025
Current time : Sat Nov 29 11:00:01 PM IST 2025
Current time : Sat Nov 29 11:05:01 PM IST 2025
Current time : Sat Nov 29 11:10:01 PM IST 2025
Current time : Sat Nov 29 11:15:01 PM IST 2025
Current time : Sat Nov 29 11:20:02 PM IST 2025
Current time : Sat Nov 29 11:25:01 PM IST 2025
Current time : Sat Nov 29 11:30:01 PM IST 2025
Current time : Sat Nov 29 11:35:01 PM IST 2025
Current time : Sat Nov 29 11:40:01 PM IST 2025
Current time : Sat Nov 29 11:45:01 PM IST 2025
Current time : Sat Nov 29 11:50:01 PM IST 2025
Current time : Sat Nov 29 11:55:01 PM IST 2025
Current time : Sun Nov 30 12:00:01 AM IST 2025
Current time : Sun Nov 30 12:05:01 AM IST 2025
Current time : Sun Nov 30 12:10:01 AM IST 2025
Current time : Sun Nov 30 12:15:01 AM IST 2025
Current time : Sun Nov 30 12:20:01 AM IST 2025
Current time : Sun Nov 30 12:25:01 AM IST 2025
Current time : Sun Nov 30 12:30:01 AM IST 2025
Current time : Sun Nov 30 12:35:01 AM IST 2025
Current time : Sun Nov 30 12:40:01 AM IST 2025
Current time : Sun Nov 30 12:45:01 AM IST 2025
Current time : Sun Nov 30 12:50:02 AM IST 2025
Current time : Sun Nov 30 12:55:01 AM IST 2025
Current time : Sun Nov 30 01:00:01 AM IST 2025
Current time : Sun Nov 30 01:05:01 AM IST 2025
Current time : Sun Nov 30 01:10:01 AM IST 2025
Current time : Sun Nov 30 01:15:01 AM IST 2025
Current time : Sun Nov 30 01:35:01 AM IST 2025
Current time : Sun Nov 30 01:40:01 AM IST 2025
Current time : Sun Nov 30 01:45:01 AM IST 2025
Current time : Sun Nov 30 03:50:01 PM IST 2025
Current time : Sun Nov 30 03:55:01 PM IST 2025
Current time : Sun Nov 30 04:00:01 PM IST 2025
Current time : Sun Nov 30 04:05:01 PM IST 2025
Current time : Sun Nov 30 04:10:01 PM IST 2025
Current time : Sun Nov 30 04:15:01 PM IST 2025
Current time : Sun Nov 30 04:20:01 PM IST 2025
Current time : Sun Nov 30 04:25:01 PM IST 2025
Current time : Sun Nov 30 04:30:01 PM IST 2025
Current time : Sun Nov 30 04:35:01 PM IST 2025
Current time : Sun Nov 30 04:40:01 PM IST 2025
Current time : Sun Nov 30 04:45:01 PM IST 2025
Current time : Sun Nov 30 04:50:01 PM IST 2025
Current time : Sun Nov 30 04:55:01 PM IST 2025
Current time : Sun Nov 30 05:00:01 PM IST 2025
Current time : Sun Nov 30 05:05:01 PM IST 2025
Current time : Sun Nov 30 05:10:01 PM IST 2025
Current time : Sun Nov 30 05:15:01 PM IST 2025
Current time : Sun Nov 30 05:20:02 PM IST 2025
Current time : Sun Nov 30 05:25:01 PM IST 2025
Current time : Sun Nov 30 05:30:01 PM IST 2025
Current time : Sun Nov 30 05:35:01 PM IST 2025
Current time : Sun Nov 30 05:40:01 PM IST 2025
Current time : Sun Nov 30 05:45:01 PM IST 2025
Current time : Sun Nov 30 05:50:01 PM IST 2025
Current time : Sun Nov 30 05:55:01 PM IST 2025
Current time : Sun Nov 30 06:00:01 PM IST 2025
Current time : Sun Nov 30 07:30:01 PM IST 2025
Current time : Sun Nov 30 07:35:01 PM IST 2025
Current time : Sun Nov 30 07:40:01 PM IST 2025
Current time : Sun Nov 30 07:45:01 PM IST 2025
Current time : Sun Nov 30 07:50:01 PM IST 2025
Current time : Sun Nov 30 07:55:01 PM IST 2025
Current time : Sun Nov 30 08:00:01 PM IST 2025
Current time : Sun Nov 30 08:05:01 PM IST 2025
Current time : Sun Nov 30 08:10:01 PM IST 2025
Current time : Sun Nov 30 08:15:01 PM IST 2025
Current time : Sun Nov 30 08:20:01 PM IST 2025
Current time : Sun Nov 30 08:25:01 PM IST 2025
Current time : Sun Nov 30 08:30:01 PM IST 2025
Current time : Sun Nov 30 08:35:01 PM IST 2025
Current time : Sun Nov 30 08:40:01 PM IST 2025
Current time : Sun Nov 30 08:45:01 PM IST 2025
Current time : Sun Nov 30 08:50:01 PM IST 2025
Current time : Sun Nov 30 08:55:01 PM IST 2025
Current time : Sun Nov 30 09:00:01 PM IST 2025
Current time : Sun Nov 30 09:05:01 PM IST 2025
Current time : Sun Nov 30 09:10:01 PM IST 2025
Current time : Sun Nov 30 09:15:01 PM IST 2025
Current time : Sun Nov 30 09:20:01 PM IST 2025
Current time : Sun Nov 30 09:25:01 PM IST 2025
Current time : Sun Nov 30 09:30:01 PM IST 2025
Current time : Sun Nov 30 09:35:01 PM IST 2025
Current time : Sun Nov 30 09:40:01 PM IST 2025
Current time : Sun Nov 30 09:45:01 PM IST 2025
Current time : Sun Nov 30 09:50:02 PM IST 2025
Current time : Sun Nov 30 09:55:01 PM IST 2025
Current time : Sun Nov 30 10:00:01 PM IST 2025
Current time : Sun Nov 30 10:05:01 PM IST 2025
Current time : Sun Nov 30 10:10:01 PM IST 2025
Current time : Sun Nov 30 10:15:01 PM IST 2025
Current time : Sun Nov 30 10:20:01 PM IST 2025
Current time : Sun Nov 30 10:25:01 PM IST 2025
Current time : Sun Nov 30 10:30:01 PM IST 2025
Current time : Sun Nov 30 10:35:01 PM IST 2025
Current time : Sun Nov 30 10:40:01 PM IST 2025
Current time : Sun Nov 30 10:45:01 PM IST 2025
Current time : Sun Nov 30 10:50:01 PM IST 2025
Current time : Sun Nov 30 10:55:01 PM IST 2025
Current time : Sun Nov 30 11:00:01 PM IST 2025
Current time : Sun Nov 30 11:05:01 PM IST 2025
Current time : Sun Nov 30 11:10:01 PM IST 2025
Current time : Sun Nov 30 11:15:01 PM IST 2025
Current time : Sun Nov 30 11:20:01 PM IST 2025
Current time : Sun Nov 30 11:25:01 PM IST 2025
Current time : Sun Nov 30 11:30:01 PM IST 2025
Current time : Sun Nov 30 11:35:01 PM IST 2025
Current time : Sun Nov 30 11:40:01 PM IST 2025
Current time : Sun Nov 30 11:45:01 PM IST 2025
Current time : Sun Nov 30 11:50:01 PM IST 2025
Current time : Sun Nov 30 11:55:01 PM IST 2025
Current time : Mon Dec  1 12:00:01 AM IST 2025
Current time : Mon Dec  1 12:05:01 AM IST 2025
Current time : Mon Dec  1 12:10:01 AM IST 2025
Current time : Mon Dec  1 12:15:01 AM IST 2025
Current time : Mon Dec  1 12:20:01 AM IST 2025
Current time : Mon Dec  1 12:25:01 AM IST 2025
Current time : Mon Dec  1 12:30:01 AM IST 2025
Current time : Mon Dec  1 12:35:01 AM IST 2025
Current time : Mon Dec  1 12:40:01 AM IST 2025
Current time : Mon Dec  1 12:45:01 AM IST 2025
Current time : Mon Dec  1 12:50:01 AM IST 2025
Current time : Mon Dec  1 12:55:01 AM IST 2025
Current time : Mon Dec  1 01:00:01 AM IST 2025
Current time : Mon Dec  1 01:05:01 AM IST 2025
Current time : Mon Dec  1 01:10:01 AM IST 2025
Current time : Mon Dec  1 01:15:01 AM IST 2025
Current time : Mon Dec  1 01:20:01 AM IST 2025
Current time : Mon Dec  1 01:25:01 AM IST 2025
Current time : Mon Dec  1 01:30:01 AM IST 2025
Current time : Mon Dec  1 01:35:01 AM IST 2025
Current time : Mon Dec  1 01:40:01 AM IST 2025
Current time : Mon Dec  1 01:45:01 AM IST 2025
Current time : Mon Dec  1 01:50:01 AM IST 2025
Current time : Mon Dec  1 01:55:01 AM IST 2025
Current time : Mon Dec  1 02:00:01 AM IST 2025
Current time : Mon Dec  1 02:05:01 AM IST 2025
Current time : Mon Dec  1 02:10:01 AM IST 2025
Current time : Mon Dec  1 02:15:01 AM IST 2025
Current time : Mon Dec  1 02:20:01 AM IST 2025
Current time : Mon Dec  1 02:25:01 AM IST 2025
Current time : Mon Dec  1 02:30:01 AM IST 2025
Current time : Mon Dec  1 02:35:01 AM IST 2025
Current time : Mon Dec  1 02:40:01 AM IST 2025
Current time : Mon Dec  1 02:45:01 AM IST 2025
Current time : Mon Dec  1 02:50:01 AM IST 2025
Current time : Mon Dec  1 01:50:01 PM IST 2025
Current time : Mon Dec  1 01:55:01 PM IST 2025
Current time : Mon Dec  1 02:00:01 PM IST 2025
Current time : Mon Dec  1 02:05:01 PM IST 2025
Current time : Mon Dec  1 02:10:01 PM IST 2025
Current time : Mon Dec  1 02:15:01 PM IST 2025
Current time : Mon Dec  1 02:20:01 PM IST 2025
Current time : Mon Dec  1 02:25:01 PM IST 2025
Current time : Mon Dec  1 02:30:01 PM IST 2025
Current time : Mon Dec  1 02:35:01 PM IST 2025
Current time : Mon Dec  1 04:30:01 PM IST 2025
Current time : Mon Dec  1 04:35:01 PM IST 2025
Current time : Mon Dec  1 04:40:01 PM IST 2025
Current time : Mon Dec  1 04:45:01 PM IST 2025
Current time : Mon Dec  1 04:50:01 PM IST 2025
Current time : Mon Dec  1 04:55:01 PM IST 2025
Current time : Mon Dec  1 05:00:01 PM IST 2025
Current time : Mon Dec  1 05:05:01 PM IST 2025
Current time : Mon Dec  1 05:10:01 PM IST 2025
Current time : Mon Dec  1 05:15:01 PM IST 2025
Current time : Mon Dec  1 05:20:01 PM IST 2025
Current time : Mon Dec  1 05:25:01 PM IST 2025
Current time : Mon Dec  1 05:30:01 PM IST 2025
Current time : Mon Dec  1 05:35:01 PM IST 2025
Current time : Mon Dec  1 05:40:01 PM IST 2025
Current time : Mon Dec  1 05:45:01 PM IST 2025
Current time : Mon Dec  1 05:50:01 PM IST 2025
Current time : Mon Dec  1 05:55:01 PM IST 2025
Current time : Mon Dec  1 06:00:01 PM IST 2025
Current time : Mon Dec  1 06:05:01 PM IST 2025
Current time : Mon Dec  1 06:10:01 PM IST 2025
Current time : Mon Dec  1 06:15:01 PM IST 2025
Current time : Mon Dec  1 06:20:01 PM IST 2025
Current time : Mon Dec  1 06:25:01 PM IST 2025
Current time : Mon Dec  1 06:30:01 PM IST 2025
Current time : Mon Dec  1 06:35:01 PM IST 2025
Current time : Mon Dec  1 06:40:01 PM IST 2025
Current time : Mon Dec  1 06:45:01 PM IST 2025
Current time : Mon Dec  1 06:50:01 PM IST 2025
Current time : Mon Dec  1 06:55:01 PM IST 2025
Current time : Mon Dec  1 07:00:01 PM IST 2025
Current time : Mon Dec  1 07:05:01 PM IST 2025
Current time : Mon Dec  1 07:10:01 PM IST 2025
Current time : Mon Dec  1 07:15:01 PM IST 2025
Current time : Mon Dec  1 07:20:01 PM IST 2025
Current time : Mon Dec  1 07:25:01 PM IST 2025
Current time : Mon Dec  1 07:30:01 PM IST 2025
Current time : Mon Dec  1 07:35:01 PM IST 2025
Current time : Mon Dec  1 07:40:01 PM IST 2025
Current time : Mon Dec  1 07:45:01 PM IST 2025
Current time : Mon Dec  1 07:50:01 PM IST 2025
Current time : Mon Dec  1 07:55:01 PM IST 2025
Current time : Mon Dec  1 08:00:01 PM IST 2025
Current time : Mon Dec  1 08:05:01 PM IST 2025
Current time : Mon Dec  1 08:10:01 PM IST 2025
Current time : Mon Dec  1 08:15:01 PM IST 2025
Current time : Mon Dec  1 08:20:01 PM IST 2025
Current time : Mon Dec  1 08:25:01 PM IST 2025
Current time : Mon Dec  1 08:30:01 PM IST 2025
Current time : Mon Dec  1 08:35:01 PM IST 2025
Current time : Mon Dec  1 08:40:01 PM IST 2025
Current time : Mon Dec  1 08:45:01 PM IST 2025
Current time : Mon Dec  1 08:50:01 PM IST 2025
Current time : Mon Dec  1 08:55:01 PM IST 2025
Current time : Mon Dec  1 09:00:01 PM IST 2025
Current time : Mon Dec  1 09:05:01 PM IST 2025
Current time : Mon Dec  1 09:10:01 PM IST 2025
Current time : Mon Dec  1 09:15:01 PM IST 2025
Current time : Mon Dec  1 09:20:01 PM IST 2025
Current time : Mon Dec  1 09:45:01 PM IST 2025
Current time : Mon Dec  1 09:50:01 PM IST 2025
Current time : Mon Dec  1 09:55:01 PM IST 2025
Current time : Mon Dec  1 10:00:01 PM IST 2025
Current time : Mon Dec  1 10:05:01 PM IST 2025
Current time : Mon Dec  1 10:10:01 PM IST 2025
Current time : Mon Dec  1 10:15:01 PM IST 2025
Current time : Mon Dec  1 10:20:01 PM IST 2025
Current time : Mon Dec  1 10:25:01 PM IST 2025
Current time : Mon Dec  1 10:30:01 PM IST 2025
Current time : Mon Dec  1 10:35:01 PM IST 2025
Current time : Mon Dec  1 10:40:01 PM IST 2025
Current time : Mon Dec  1 10:45:01 PM IST 2025
Current time : Mon Dec  1 10:50:01 PM IST 2025
Current time : Mon Dec  1 10:55:01 PM IST 2025
Current time : Mon Dec  1 11:00:01 PM IST 2025
Current time : Mon Dec  1 11:05:01 PM IST 2025
Current time : Mon Dec  1 11:10:01 PM IST 2025
Current time : Mon Dec  1 11:15:01 PM IST 2025
Current time : Mon Dec  1 11:20:01 PM IST 2025
Current time : Mon Dec  1 11:25:01 PM IST 2025
Current time : Mon Dec  1 11:50:01 PM IST 2025
Current time : Mon Dec  1 11:55:01 PM IST 2025
Current time : Tue Dec  2 12:00:01 AM IST 2025
Current time : Tue Dec  2 12:05:01 AM IST 2025
Current time : Tue Dec  2 12:10:01 AM IST 2025
Current time : Tue Dec  2 12:15:01 AM IST 2025
Current time : Tue Dec  2 12:20:01 AM IST 2025
Current time : Tue Dec  2 12:25:01 AM IST 2025
Current time : Tue Dec  2 12:30:01 AM IST 2025
Current time : Tue Dec  2 12:35:01 AM IST 2025
Current time : Tue Dec  2 12:40:01 AM IST 2025
Current time : Tue Dec  2 12:45:01 AM IST 2025
Current time : Tue Dec  2 12:50:01 AM IST 2025
Current time : Tue Dec  2 12:55:01 AM IST 2025
Current time : Tue Dec  2 01:00:01 AM IST 2025
Current time : Tue Dec  2 01:05:01 AM IST 2025
Current time : Tue Dec  2 01:10:01 AM IST 2025
Current time : Tue Dec  2 01:15:01 AM IST 2025
Current time : Tue Dec  2 01:20:01 AM IST 2025
Current time : Tue Dec  2 01:25:01 AM IST 2025
Current time : Tue Dec  2 01:30:01 AM IST 2025
Current time : Tue Dec  2 01:35:01 AM IST 2025
Current time : Tue Dec  2 01:40:01 AM IST 2025
Current time : Tue Dec  2 04:00:01 PM IST 2025
Current time : Tue Dec  2 04:05:01 PM IST 2025
Current time : Tue Dec  2 04:10:01 PM IST 2025
Current time : Tue Dec  2 04:15:01 PM IST 2025
Current time : Tue Dec  2 04:20:01 PM IST 2025
Current time : Tue Dec  2 04:25:01 PM IST 2025
Current time : Tue Dec  2 04:30:01 PM IST 2025
Current time : Tue Dec  2 04:35:01 PM IST 2025
Current time : Tue Dec  2 04:40:01 PM IST 2025
Current time : Tue Dec  2 04:45:01 PM IST 2025
Current time : Tue Dec  2 04:50:01 PM IST 2025
Current time : Tue Dec  2 04:55:01 PM IST 2025
Current time : Tue Dec  2 05:00:01 PM IST 2025
Current time : Tue Dec  2 05:05:01 PM IST 2025
Current time : Tue Dec  2 05:10:01 PM IST 2025
Current time : Tue Dec  2 05:15:01 PM IST 2025
Current time : Tue Dec  2 06:40:01 PM IST 2025
Current time : Tue Dec  2 06:45:01 PM IST 2025
Current time : Tue Dec  2 06:50:01 PM IST 2025
Current time : Tue Dec  2 06:55:01 PM IST 2025
Current time : Tue Dec  2 07:00:01 PM IST 2025
Current time : Tue Dec  2 07:05:01 PM IST 2025
Current time : Tue Dec  2 07:10:01 PM IST 2025
Current time : Tue Dec  2 07:15:01 PM IST 2025
Current time : Tue Dec  2 07:20:01 PM IST 2025
Current time : Tue Dec  2 07:25:01 PM IST 2025
Current time : Tue Dec  2 07:30:01 PM IST 2025
Current time : Tue Dec  2 07:35:01 PM IST 2025
Current time : Tue Dec  2 07:40:01 PM IST 2025
Current time : Tue Dec  2 07:45:01 PM IST 2025
Current time : Tue Dec  2 07:50:01 PM IST 2025
Current time : Tue Dec  2 07:55:01 PM IST 2025
Current time : Tue Dec  2 08:00:01 PM IST 2025
Current time : Tue Dec  2 08:05:01 PM IST 2025
Current time : Tue Dec  2 08:10:01 PM IST 2025
Current time : Tue Dec  2 08:15:01 PM IST 2025
Current time : Tue Dec  2 08:20:01 PM IST 2025
Current time : Tue Dec  2 08:25:01 PM IST 2025
Current time : Tue Dec  2 08:30:01 PM IST 2025
Current time : Tue Dec  2 08:35:01 PM IST 2025
Current time : Tue Dec  2 08:40:01 PM IST 2025
Current time : Tue Dec  2 08:45:01 PM IST 2025
Current time : Tue Dec  2 08:50:01 PM IST 2025
Current time : Tue Dec  2 08:55:01 PM IST 2025
Current time : Tue Dec  2 09:00:01 PM IST 2025
Current time : Tue Dec  2 09:05:01 PM IST 2025
Current time : Tue Dec  2 09:10:01 PM IST 2025
Current time : Tue Dec  2 09:15:01 PM IST 2025
Current time : Tue Dec  2 09:20:01 PM IST 2025
Current time : Tue Dec  2 09:25:01 PM IST 2025
Current time : Tue Dec  2 09:30:02 PM IST 2025
Current time : Tue Dec  2 09:35:01 PM IST 2025
Current time : Tue Dec  2 09:40:01 PM IST 2025
Current time : Tue Dec  2 10:15:01 PM IST 2025
Current time : Tue Dec  2 10:20:01 PM IST 2025
Current time : Tue Dec  2 10:25:01 PM IST 2025
Current time : Tue Dec  2 10:30:01 PM IST 2025
Current time : Tue Dec  2 10:35:01 PM IST 2025
Current time : Tue Dec  2 10:40:01 PM IST 2025
Current time : Tue Dec  2 10:45:01 PM IST 2025
Current time : Tue Dec  2 10:50:01 PM IST 2025
Current time : Tue Dec  2 10:55:01 PM IST 2025
Current time : Tue Dec  2 11:00:01 PM IST 2025
Current time : Tue Dec  2 11:05:01 PM IST 2025
Current time : Tue Dec  2 11:10:01 PM IST 2025
Current time : Tue Dec  2 11:15:02 PM IST 2025
Current time : Tue Dec  2 11:20:01 PM IST 2025
Current time : Tue Dec  2 11:25:01 PM IST 2025
Current time : Tue Dec  2 11:30:01 PM IST 2025
Current time : Tue Dec  2 11:35:01 PM IST 2025
Current time : Tue Dec  2 11:40:01 PM IST 2025
Current time : Tue Dec  2 11:45:01 PM IST 2025
Current time : Tue Dec  2 11:50:01 PM IST 2025
Current time : Tue Dec  2 11:55:01 PM IST 2025
Current time : Wed Dec  3 12:00:01 AM IST 2025
Current time : Wed Dec  3 12:05:01 AM IST 2025
Current time : Wed Dec  3 12:10:01 AM IST 2025
Current time : Wed Dec  3 12:15:01 AM IST 2025
Current time : Wed Dec  3 12:20:01 AM IST 2025
Current time : Wed Dec  3 12:25:01 AM IST 2025
Current time : Wed Dec  3 12:30:01 AM IST 2025
Current time : Wed Dec  3 12:35:01 AM IST 2025
Current time : Wed Dec  3 12:40:01 AM IST 2025
Current time : Wed Dec  3 12:45:01 AM IST 2025
Current time : Wed Dec  3 12:50:01 AM IST 2025
Current time : Wed Dec  3 12:55:01 AM IST 2025
Current time : Wed Dec  3 01:00:01 AM IST 2025
Current time : Wed Dec  3 01:05:01 AM IST 2025
Current time : Wed Dec  3 01:10:01 AM IST 2025
Current time : Wed Dec  3 01:15:01 AM IST 2025
Current time : Wed Dec  3 01:20:01 AM IST 2025
Current time : Wed Dec  3 01:25:01 AM IST 2025
Current time : Wed Dec  3 01:30:01 AM IST 2025
Current time : Wed Dec  3 01:35:01 AM IST 2025
Current time : Wed Dec  3 01:40:01 AM IST 2025
Current time : Wed Dec  3 01:45:02 AM IST 2025
Current time : Wed Dec  3 01:50:01 AM IST 2025
Current time : Wed Dec  3 01:55:01 AM IST 2025
Current time : Wed Dec  3 02:00:01 AM IST 2025
Current time : Wed Dec  3 02:05:01 AM IST 2025
Current time : Wed Dec  3 02:10:01 AM IST 2025
Current time : Wed Dec  3 02:15:01 AM IST 2025
Current time : Wed Dec  3 02:20:01 AM IST 2025
Current time : Wed Dec  3 02:25:01 AM IST 2025
Current time : Wed Dec  3 02:30:01 AM IST 2025
Current time : Wed Dec  3 02:35:01 AM IST 2025
Current time : Wed Dec  3 02:40:01 AM IST 2025
Current time : Wed Dec  3 02:45:01 AM IST 2025
Current time : Wed Dec  3 02:50:01 AM IST 2025
Current time : Wed Dec  3 02:55:01 AM IST 2025
Current time : Wed Dec  3 03:00:01 AM IST 2025
Current time : Wed Dec  3 03:05:01 AM IST 2025
Current time : Wed Dec  3 03:10:01 AM IST 2025
Current time : Wed Dec  3 03:15:01 AM IST 2025
Current time : Wed Dec  3 03:20:01 AM IST 2025
Current time : Wed Dec  3 03:25:01 AM IST 2025
Current time : Wed Dec  3 03:30:02 AM IST 2025
Current time : Wed Dec  3 03:35:01 AM IST 2025
Current time : Wed Dec  3 03:40:01 AM IST 2025
Current time : Wed Dec  3 03:45:01 AM IST 2025
Current time : Wed Dec  3 03:50:01 AM IST 2025
Current time : Wed Dec  3 03:55:01 AM IST 2025
Current time : Wed Dec  3 04:00:01 AM IST 2025
Current time : Wed Dec  3 04:05:01 AM IST 2025
Current time : Wed Dec  3 04:10:01 AM IST 2025
Current time : Wed Dec  3 04:15:01 AM IST 2025
Current time : Wed Dec  3 04:20:01 AM IST 2025
Current time : Wed Dec  3 04:25:01 AM IST 2025
Current time : Wed Dec  3 04:30:01 AM IST 2025
Current time : Wed Dec  3 04:35:01 AM IST 2025
Current time : Wed Dec  3 04:40:01 AM IST 2025
Current time : Wed Dec  3 04:45:01 AM IST 2025
Current time : Wed Dec  3 04:50:01 AM IST 2025
Current time : Wed Dec  3 04:55:01 AM IST 2025
Current time : Wed Dec  3 05:00:01 AM IST 2025
Current time : Wed Dec  3 05:05:01 AM IST 2025
Current time : Wed Dec  3 05:10:01 AM IST 2025
Current time : Wed Dec  3 05:15:01 AM IST 2025
Current time : Wed Dec  3 05:20:01 AM IST 2025
Current time : Wed Dec  3 05:25:01 AM IST 2025
Current time : Wed Dec  3 05:30:01 AM IST 2025
Current time : Wed Dec  3 05:35:01 AM IST 2025
Current time : Wed Dec  3 05:40:01 AM IST 2025
Current time : Wed Dec  3 05:45:01 AM IST 2025
Current time : Wed Dec  3 05:50:01 AM IST 2025
Current time : Wed Dec  3 05:55:01 AM IST 2025
Current time : Wed Dec  3 06:00:01 AM IST 2025
Current time : Wed Dec  3 06:05:01 AM IST 2025
Current time : Wed Dec  3 06:10:01 AM IST 2025
Current time : Wed Dec  3 06:15:01 AM IST 2025
Current time : Wed Dec  3 06:20:01 AM IST 2025
Current time : Wed Dec  3 06:25:01 AM IST 2025
Current time : Wed Dec  3 06:30:01 AM IST 2025
Current time : Wed Dec  3 06:35:01 AM IST 2025
Current time : Wed Dec  3 06:40:01 AM IST 2025
Current time : Wed Dec  3 06:45:01 AM IST 2025
Current time : Wed Dec  3 06:50:01 AM IST 2025
Current time : Wed Dec  3 06:55:01 AM IST 2025
Current time : Wed Dec  3 07:00:02 AM IST 2025
Current time : Wed Dec  3 07:05:01 AM IST 2025
Current time : Wed Dec  3 07:10:01 AM IST 2025
Current time : Wed Dec  3 07:15:01 AM IST 2025
Current time : Wed Dec  3 07:20:01 AM IST 2025
Current time : Wed Dec  3 07:25:01 AM IST 2025
Current time : Wed Dec  3 07:30:01 AM IST 2025
Current time : Wed Dec  3 07:35:01 AM IST 2025
Current time : Wed Dec  3 07:40:01 AM IST 2025
Current time : Wed Dec  3 07:45:01 AM IST 2025
Current time : Wed Dec  3 03:35:01 PM IST 2025
Current time : Wed Dec  3 03:40:01 PM IST 2025
Current time : Wed Dec  3 03:45:01 PM IST 2025
Current time : Wed Dec  3 03:50:01 PM IST 2025
Current time : Wed Dec  3 03:55:01 PM IST 2025
Current time : Wed Dec  3 04:00:02 PM IST 2025
Current time : Wed Dec  3 04:05:01 PM IST 2025
Current time : Wed Dec  3 04:10:01 PM IST 2025
Current time : Wed Dec  3 04:15:01 PM IST 2025
Current time : Wed Dec  3 04:20:01 PM IST 2025
Current time : Wed Dec  3 04:25:01 PM IST 2025
Current time : Wed Dec  3 04:30:01 PM IST 2025
Current time : Wed Dec  3 04:35:01 PM IST 2025
Current time : Wed Dec  3 04:40:01 PM IST 2025
Current time : Wed Dec  3 04:45:01 PM IST 2025
Current time : Wed Dec  3 04:50:01 PM IST 2025
Current time : Wed Dec  3 04:55:01 PM IST 2025
Current time : Wed Dec  3 05:00:01 PM IST 2025
Current time : Wed Dec  3 05:05:01 PM IST 2025
Current time : Wed Dec  3 05:10:01 PM IST 2025
Current time : Wed Dec  3 05:15:01 PM IST 2025
Current time : Wed Dec  3 05:20:01 PM IST 2025
Current time : Wed Dec  3 05:25:01 PM IST 2025
Current time : Wed Dec  3 05:30:01 PM IST 2025
Current time : Wed Dec  3 05:35:01 PM IST 2025
Current time : Wed Dec  3 05:40:01 PM IST 2025
Current time : Wed Dec  3 05:45:01 PM IST 2025
Current time : Wed Dec  3 05:50:01 PM IST 2025
Current time : Wed Dec  3 05:55:02 PM IST 2025
Current time : Wed Dec  3 06:00:01 PM IST 2025
Current time : Wed Dec  3 06:05:01 PM IST 2025
Current time : Wed Dec  3 06:10:01 PM IST 2025
Current time : Wed Dec  3 06:15:01 PM IST 2025
Current time : Wed Dec  3 06:20:01 PM IST 2025
Current time : Wed Dec  3 06:25:01 PM IST 2025
Current time : Wed Dec  3 06:30:01 PM IST 2025
Current time : Wed Dec  3 06:35:01 PM IST 2025
Current time : Wed Dec  3 06:40:01 PM IST 2025
Current time : Wed Dec  3 06:45:01 PM IST 2025
Current time : Wed Dec  3 06:50:01 PM IST 2025
Current time : Wed Dec  3 06:55:01 PM IST 2025
Current time : Wed Dec  3 07:00:01 PM IST 2025
Current time : Wed Dec  3 07:05:01 PM IST 2025
Current time : Wed Dec  3 07:10:01 PM IST 2025
Current time : Wed Dec  3 07:15:01 PM IST 2025
Current time : Wed Dec  3 07:20:01 PM IST 2025
Current time : Wed Dec  3 07:25:01 PM IST 2025
Current time : Wed Dec  3 07:30:01 PM IST 2025
Current time : Wed Dec  3 07:35:01 PM IST 2025
Current time : Wed Dec  3 07:40:01 PM IST 2025
Current time : Wed Dec  3 07:45:01 PM IST 2025
Current time : Wed Dec  3 07:50:01 PM IST 2025
Current time : Wed Dec  3 07:55:01 PM IST 2025
Current time : Wed Dec  3 08:00:01 PM IST 2025
Current time : Wed Dec  3 08:05:01 PM IST 2025
Current time : Wed Dec  3 08:10:01 PM IST 2025
Current time : Wed Dec  3 08:15:01 PM IST 2025
Current time : Wed Dec  3 08:20:01 PM IST 2025
Current time : Wed Dec  3 08:25:01 PM IST 2025
Current time : Wed Dec  3 08:30:01 PM IST 2025
Current time : Wed Dec  3 08:35:01 PM IST 2025
Current time : Wed Dec  3 08:40:01 PM IST 2025
Current time : Wed Dec  3 08:45:01 PM IST 2025
Current time : Wed Dec  3 09:30:01 PM IST 2025
Current time : Wed Dec  3 09:35:01 PM IST 2025
Current time : Wed Dec  3 09:40:01 PM IST 2025
Current time : Wed Dec  3 09:45:01 PM IST 2025
Current time : Wed Dec  3 09:50:01 PM IST 2025
Current time : Wed Dec  3 09:55:01 PM IST 2025
Current time : Wed Dec  3 10:00:01 PM IST 2025
Current time : Wed Dec  3 10:05:01 PM IST 2025
Current time : Wed Dec  3 10:10:01 PM IST 2025
Current time : Wed Dec  3 10:15:01 PM IST 2025
Current time : Wed Dec  3 10:20:01 PM IST 2025
Current time : Wed Dec  3 10:25:01 PM IST 2025
Current time : Wed Dec  3 10:30:01 PM IST 2025
Current time : Wed Dec  3 10:35:01 PM IST 2025
Current time : Wed Dec  3 10:40:01 PM IST 2025
Current time : Wed Dec  3 10:45:01 PM IST 2025
Current time : Wed Dec  3 10:50:01 PM IST 2025
Current time : Wed Dec  3 10:55:01 PM IST 2025
Current time : Wed Dec  3 11:00:01 PM IST 2025
Current time : Wed Dec  3 11:05:01 PM IST 2025
Current time : Wed Dec  3 11:10:01 PM IST 2025
Current time : Wed Dec  3 11:15:01 PM IST 2025
Current time : Wed Dec  3 11:20:01 PM IST 2025
Current time : Wed Dec  3 11:25:01 PM IST 2025
Current time : Wed Dec  3 11:30:01 PM IST 2025
Current time : Wed Dec  3 11:35:01 PM IST 2025
Current time : Wed Dec  3 11:40:01 PM IST 2025
Current time : Wed Dec  3 11:45:01 PM IST 2025
Current time : Wed Dec  3 11:50:01 PM IST 2025
Current time : Wed Dec  3 11:55:01 PM IST 2025
Current time : Thu Dec  4 12:00:01 AM IST 2025
Current time : Thu Dec  4 12:05:01 AM IST 2025
Current time : Thu Dec  4 12:10:01 AM IST 2025
Current time : Thu Dec  4 12:15:01 AM IST 2025
Current time : Thu Dec  4 12:20:01 AM IST 2025
Current time : Thu Dec  4 12:25:01 AM IST 2025
Current time : Thu Dec  4 12:30:01 AM IST 2025
Current time : Thu Dec  4 12:35:01 AM IST 2025
Current time : Thu Dec  4 12:40:01 AM IST 2025
Current time : Thu Dec  4 12:45:02 AM IST 2025
Current time : Thu Dec  4 12:50:01 AM IST 2025
Current time : Thu Dec  4 12:55:01 AM IST 2025
Current time : Thu Dec  4 01:00:01 AM IST 2025
Current time : Thu Dec  4 01:05:01 AM IST 2025
Current time : Thu Dec  4 01:10:01 AM IST 2025
Current time : Thu Dec  4 01:15:01 AM IST 2025
Current time : Thu Dec  4 01:20:01 AM IST 2025
Current time : Thu Dec  4 01:25:01 AM IST 2025
Current time : Thu Dec  4 01:30:01 AM IST 2025
Current time : Thu Dec  4 01:35:01 AM IST 2025
Current time : Thu Dec  4 01:40:01 AM IST 2025
Current time : Thu Dec  4 01:45:01 AM IST 2025
Current time : Thu Dec  4 01:50:01 AM IST 2025
Current time : Thu Dec  4 01:55:01 AM IST 2025
Current time : Thu Dec  4 02:00:01 AM IST 2025
Current time : Thu Dec  4 02:05:01 AM IST 2025
Current time : Thu Dec  4 02:10:01 AM IST 2025
Current time : Thu Dec  4 02:15:01 AM IST 2025
Current time : Thu Dec  4 02:20:01 AM IST 2025
Current time : Thu Dec  4 02:25:01 AM IST 2025
Current time : Thu Dec  4 02:30:01 AM IST 2025
Current time : Thu Dec  4 02:35:01 AM IST 2025
Current time : Thu Dec  4 02:40:01 AM IST 2025
Current time : Thu Dec  4 02:45:01 AM IST 2025
Current time : Thu Dec  4 02:50:01 AM IST 2025
Current time : Thu Dec  4 02:55:01 AM IST 2025
Current time : Thu Dec  4 03:00:01 AM IST 2025
Current time : Thu Dec  4 03:05:01 AM IST 2025
Current time : Thu Dec  4 07:00:01 PM IST 2025
Current time : Thu Dec  4 07:05:01 PM IST 2025
Current time : Thu Dec  4 07:10:01 PM IST 2025
Current time : Thu Dec  4 07:15:01 PM IST 2025
Current time : Thu Dec  4 07:20:01 PM IST 2025
Current time : Thu Dec  4 07:25:01 PM IST 2025
Current time : Thu Dec  4 07:30:01 PM IST 2025
Current time : Thu Dec  4 07:35:01 PM IST 2025
Current time : Thu Dec  4 07:40:01 PM IST 2025
Current time : Thu Dec  4 07:45:01 PM IST 2025
Current time : Thu Dec  4 07:50:02 PM IST 2025
Current time : Thu Dec  4 07:55:01 PM IST 2025
Current time : Thu Dec  4 08:00:01 PM IST 2025
Current time : Thu Dec  4 08:05:01 PM IST 2025
Current time : Thu Dec  4 08:10:01 PM IST 2025
Current time : Thu Dec  4 08:15:01 PM IST 2025
Current time : Thu Dec  4 08:20:01 PM IST 2025
Current time : Thu Dec  4 08:25:01 PM IST 2025
Current time : Thu Dec  4 08:30:01 PM IST 2025
Current time : Thu Dec  4 08:35:01 PM IST 2025
Current time : Thu Dec  4 08:40:02 PM IST 2025
Current time : Thu Dec  4 10:00:01 PM IST 2025
Current time : Thu Dec  4 10:05:01 PM IST 2025
Current time : Thu Dec  4 10:10:01 PM IST 2025
Current time : Thu Dec  4 10:15:01 PM IST 2025
Current time : Thu Dec  4 10:20:02 PM IST 2025
Current time : Thu Dec  4 10:25:01 PM IST 2025
Current time : Thu Dec  4 10:30:01 PM IST 2025
Current time : Thu Dec  4 10:35:01 PM IST 2025
Current time : Thu Dec  4 10:40:01 PM IST 2025
Current time : Thu Dec  4 10:45:01 PM IST 2025
Current time : Thu Dec  4 10:50:01 PM IST 2025
Current time : Thu Dec  4 10:55:01 PM IST 2025
Current time : Thu Dec  4 11:00:01 PM IST 2025
Current time : Sun Dec  7 01:10:01 PM IST 2025
Current time : Sun Dec  7 01:15:01 PM IST 2025
Current time : Sun Dec  7 01:20:01 PM IST 2025
Current time : Sun Dec  7 01:25:01 PM IST 2025
Current time : Sun Dec  7 01:30:01 PM IST 2025
Current time : Sun Dec  7 01:35:01 PM IST 2025
Current time : Sun Dec  7 01:40:01 PM IST 2025
Current time : Sun Dec  7 01:45:01 PM IST 2025
Current time : Sun Dec  7 01:50:01 PM IST 2025
Current time : Sun Dec  7 01:55:01 PM IST 2025
Current time : Sun Dec  7 02:00:01 PM IST 2025
Current time : Sun Dec  7 02:05:01 PM IST 2025
Current time : Sun Dec  7 02:10:01 PM IST 2025
Current time : Sun Dec  7 02:15:01 PM IST 2025
Current time : Sun Dec  7 02:20:01 PM IST 2025
Current time : Sun Dec  7 02:25:01 PM IST 2025
Current time : Sun Dec  7 02:30:01 PM IST 2025
Current time : Sun Dec  7 02:35:01 PM IST 2025
Current time : Sun Dec  7 02:40:01 PM IST 2025
Current time : Sun Dec  7 02:45:01 PM IST 2025
Current time : Sun Dec  7 02:50:01 PM IST 2025
Current time : Sun Dec  7 02:55:01 PM IST 2025
Current time : Sun Dec  7 03:00:01 PM IST 2025
Current time : Sun Dec  7 03:05:01 PM IST 2025
Current time : Sun Dec  7 03:50:01 PM IST 2025
Current time : Sun Dec  7 03:55:01 PM IST 2025
Current time : Sun Dec  7 04:00:01 PM IST 2025
Current time : Sun Dec  7 04:05:01 PM IST 2025
Current time : Sun Dec  7 04:10:01 PM IST 2025
Current time : Sun Dec  7 04:15:01 PM IST 2025
Current time : Sun Dec  7 04:20:01 PM IST 2025
Current time : Sun Dec  7 04:25:01 PM IST 2025
Current time : Sun Dec  7 04:30:01 PM IST 2025
Current time : Sun Dec  7 04:35:01 PM IST 2025
Current time : Sun Dec  7 04:40:01 PM IST 2025
Current time : Sun Dec  7 04:45:01 PM IST 2025
Current time : Sun Dec  7 04:50:01 PM IST 2025
Current time : Sun Dec  7 04:55:01 PM IST 2025
Current time : Sun Dec  7 05:00:01 PM IST 2025
Current time : Sun Dec  7 05:05:01 PM IST 2025
Current time : Sun Dec  7 05:10:01 PM IST 2025
Current time : Sun Dec  7 05:15:01 PM IST 2025
Current time : Sun Dec  7 05:20:01 PM IST 2025
